#
# There is insufficient memory for the Java Runtime Environment to continue.
# Native memory allocation (mmap) failed to map 8589934592 bytes for Failed to commit area from 0x0000000600000000 to 0x0000000800000000 of length 8589934592.
# Possible reasons:
#   The system is out of physical RAM or swap space
#   The process is running with CompressedOops enabled, and the Java Heap may be blocking the growth of the native heap
# Possible solutions:
#   Reduce memory load on the system
#   Increase physical memory or swap space
#   Check if swap backing store is full
#   Decrease Java heap size (-Xmx/-Xms)
#   Decrease number of Java threads
#   Decrease Java thread stack sizes (-Xss)
#   Set larger code cache with -XX:ReservedCodeCacheSize=
# This output file may be truncated or incomplete.
#
#  Out of Memory Error (./src/hotspot/os/windows/os_windows.cpp:3521), pid=1960, tid=14580
#
# JRE version:  (11.0.12+7) (build )
# Java VM: OpenJDK 64-Bit Server VM (11.0.12+7-b1504.28, mixed mode, sharing, tiered, compressed oops, g1 gc, windows-amd64)
# No core dump will be written. Minidumps are not enabled by default on client versions of Windows
#

---------------  S U M M A R Y ------------

Command Line: -Djava.rmi.server.hostname=127.0.0.1 -Duser.timezone=UTC -Xmx8192m -Xms8192m -Dfile.encoding=UTF-8 com.intellij.database.remote.RemoteJdbcServer com.mysql.cj.jdbc.Driver

Host: Intel(R) Core(TM) i7-6700K CPU @ 4.00GHz, 8 cores, 15G,  Windows 10 , 64 bit Build 19041 (10.0.19041.1566)
Time: Tue Jul 19 19:16:58 2022 Iran Daylight Time elapsed time: 0.015916 seconds (0d 0h 0m 0s)

---------------  T H R E A D  ---------------

Current thread (0x0000020725288800):  JavaThread "Unknown thread" [_thread_in_vm, id=14580, stack(0x0000004ff8200000,0x0000004ff8300000)]

Stack: [0x0000004ff8200000,0x0000004ff8300000]
Native frames: (J=compiled Java code, j=interpreted, Vv=VM code, C=native code)
V  [jvm.dll+0x5ff40a]
V  [jvm.dll+0x783b65]
V  [jvm.dll+0x78517d]
V  [jvm.dll+0x785833]
V  [jvm.dll+0x249408]
V  [jvm.dll+0x5fc7f4]
V  [jvm.dll+0x5f13c5]
V  [jvm.dll+0x3076bb]
V  [jvm.dll+0x30762a]
V  [jvm.dll+0x307502]
V  [jvm.dll+0x30c466]
V  [jvm.dll+0x355543]
V  [jvm.dll+0x355c46]
V  [jvm.dll+0x355643]
V  [jvm.dll+0x2e2018]
V  [jvm.dll+0x2e31c7]
V  [jvm.dll+0x761f57]
V  [jvm.dll+0x76374c]
V  [jvm.dll+0x362ab9]
V  [jvm.dll+0x7455be]
V  [jvm.dll+0x3cb673]
V  [jvm.dll+0x3cda21]
C  [jli.dll+0x536b]
C  [ucrtbase.dll+0x21bb2]
C  [KERNEL32.DLL+0x17034]
C  [ntdll.dll+0x52651]


---------------  P R O C E S S  ---------------

Threads class SMR info:
_java_thread_list=0x0000020725050130, length=0, elements={
}

Java Threads: ( => current thread )

Other Threads:
  0x00000207252a0000 GCTaskThread "GC Thread#0" [stack: 0x0000004ff8300000,0x0000004ff8400000] [id=14696]
  0x0000020725302000 ConcurrentGCThread "G1 Main Marker" [stack: 0x0000004ff8400000,0x0000004ff8500000] [id=9612]
  0x0000020725306800 ConcurrentGCThread "G1 Conc#0" [stack: 0x0000004ff8500000,0x0000004ff8600000] [id=12648]

[error occurred during error reporting (printing all threads), id 0xc0000005, EXCEPTION_ACCESS_VIOLATION (0xc0000005) at pc=0x00007ffc655527a7]

VM state:not at safepoint (not fully initialized)

VM Mutex/Monitor currently owned by a thread:  ([mutex/lock_event])
[0x0000020725285060] Heap_lock - owner thread: 0x0000020725288800

Heap address: 0x0000000600000000, size: 8192 MB, Compressed Oops mode: Non-zero based: 0x0000000600000000
Narrow klass base: 0x0000000000000000, Narrow klass shift: 0

GC Heap History (0 events):
No events

Deoptimization events (0 events):
No events

Classes redefined (0 events):
No events

Internal exceptions (0 events):
No events

Events (1 events):
Event: 0.009 Loaded shared library C:\Program Files\PhpStorm 2021.2.2\jbr\bin\zip.dll


Dynamic libraries:
0x00007ff750e20000 - 0x00007ff750e2a000 	C:\Program Files\PhpStorm 2021.2.2\jbr\bin\java.exe
0x00007ffc9b210000 - 0x00007ffc9b405000 	C:\Windows\SYSTEM32\ntdll.dll
0x00007ffc99710000 - 0x00007ffc997ce000 	C:\Windows\System32\KERNEL32.DLL
0x00007ffc98ae0000 - 0x00007ffc98da8000 	C:\Windows\System32\KERNELBASE.dll
0x00007ffc99170000 - 0x00007ffc99270000 	C:\Windows\System32\ucrtbase.dll
0x00007ffc7c030000 - 0x00007ffc7c049000 	C:\Program Files\PhpStorm 2021.2.2\jbr\bin\jli.dll
0x00007ffc9ae20000 - 0x00007ffc9afc0000 	C:\Windows\System32\USER32.dll
0x00007ffc99140000 - 0x00007ffc99162000 	C:\Windows\System32\win32u.dll
0x00007ffc83850000 - 0x00007ffc83aea000 	C:\Windows\WinSxS\amd64_microsoft.windows.common-controls_6595b64144ccf1df_6.0.19041.1110_none_60b5254171f9507e\COMCTL32.dll
0x00007ffc9ad20000 - 0x00007ffc9ad4b000 	C:\Windows\System32\GDI32.dll
0x00007ffc98f60000 - 0x00007ffc9906b000 	C:\Windows\System32\gdi32full.dll
0x00007ffc99070000 - 0x00007ffc9910d000 	C:\Windows\System32\msvcp_win.dll
0x00007ffc8fe90000 - 0x00007ffc8fea7000 	C:\Program Files\PhpStorm 2021.2.2\jbr\bin\VCRUNTIME140.dll
0x00007ffc9b130000 - 0x00007ffc9b1ce000 	C:\Windows\System32\msvcrt.dll
0x00007ffc99940000 - 0x00007ffc99970000 	C:\Windows\System32\IMM32.DLL
0x00007ffc82e50000 - 0x00007ffc82eed000 	C:\Program Files\PhpStorm 2021.2.2\jbr\bin\msvcp140.dll
0x00007ffc65260000 - 0x00007ffc65db8000 	C:\Program Files\PhpStorm 2021.2.2\jbr\bin\server\jvm.dll
0x00007ffc99830000 - 0x00007ffc998de000 	C:\Windows\System32\ADVAPI32.dll
0x00007ffc99970000 - 0x00007ffc99a0c000 	C:\Windows\System32\sechost.dll
0x00007ffc995e0000 - 0x00007ffc99705000 	C:\Windows\System32\RPCRT4.dll
0x00007ffc99270000 - 0x00007ffc99278000 	C:\Windows\System32\PSAPI.DLL
0x00007ffc89120000 - 0x00007ffc89129000 	C:\Windows\SYSTEM32\WSOCK32.dll
0x00007ffc8e1f0000 - 0x00007ffc8e217000 	C:\Windows\SYSTEM32\WINMM.dll
0x00007ffc903b0000 - 0x00007ffc903ba000 	C:\Windows\SYSTEM32\VERSION.dll
0x00007ffc9acb0000 - 0x00007ffc9ad1b000 	C:\Windows\System32\WS2_32.dll
0x00007ffc96860000 - 0x00007ffc96872000 	C:\Windows\SYSTEM32\kernel.appcore.dll
0x00007ffc7c340000 - 0x00007ffc7c351000 	C:\Program Files\PhpStorm 2021.2.2\jbr\bin\verify.dll
0x00007ffc91220000 - 0x00007ffc91404000 	C:\Windows\SYSTEM32\DBGHELP.DLL
0x00007ffc84350000 - 0x00007ffc8437c000 	C:\Windows\SYSTEM32\dbgcore.DLL
0x00007ffc98930000 - 0x00007ffc989b2000 	C:\Windows\System32\bcryptPrimitives.dll
0x00007ffc7a440000 - 0x00007ffc7a469000 	C:\Program Files\PhpStorm 2021.2.2\jbr\bin\java.dll
0x00007ffc86fb0000 - 0x00007ffc86fbb000 	C:\Program Files\PhpStorm 2021.2.2\jbr\bin\jimage.dll
0x00007ffc7ab30000 - 0x00007ffc7ab48000 	C:\Program Files\PhpStorm 2021.2.2\jbr\bin\zip.dll

dbghelp: loaded successfully - version: 4.0.5 - missing functions: none
symbol engine: initialized successfully - sym options: 0x614 - pdb path: .;C:\Program Files\PhpStorm 2021.2.2\jbr\bin;C:\Windows\SYSTEM32;C:\Windows\WinSxS\amd64_microsoft.windows.common-controls_6595b64144ccf1df_6.0.19041.1110_none_60b5254171f9507e;C:\Program Files\PhpStorm 2021.2.2\jbr\bin\server

VM Arguments:
jvm_args: -Djava.rmi.server.hostname=127.0.0.1 -Duser.timezone=UTC -Xmx8192m -Xms8192m -Dfile.encoding=UTF-8 
java_command: com.intellij.database.remote.RemoteJdbcServer com.mysql.cj.jdbc.Driver
java_class_path (initial): C:\Program Files\PhpStorm 2021.2.2\lib\util.jar;C:\Program Files\PhpStorm 2021.2.2\lib\groovy-2.5.14.jar;C:\Program Files\PhpStorm 2021.2.2\plugins\DatabaseTools\lib\jdbc-console.jar;C:\Users\Bagher\AppData\Roaming\JetBrains\PhpStorm2021.2\jdbc-drivers\MySQL ConnectorJ\8.0.25\mysql-connector-java-8.0.25.jar
Launcher Type: SUN_STANDARD

[Global flags]
     intx CICompilerCount                          = 4                                         {product} {ergonomic}
     uint ConcGCThreads                            = 2                                         {product} {ergonomic}
     uint G1ConcRefinementThreads                  = 8                                         {product} {ergonomic}
   size_t G1HeapRegionSize                         = 4194304                                   {product} {ergonomic}
    uintx GCDrainStackTargetSize                   = 64                                        {product} {ergonomic}
   size_t InitialHeapSize                          = 8589934592                                {product} {command line}
   size_t MarkStackSize                            = 4194304                                   {product} {ergonomic}
   size_t MaxHeapSize                              = 8589934592                                {product} {command line}
   size_t MinHeapDeltaBytes                        = 4194304                                   {product} {ergonomic}
    uintx NonNMethodCodeHeapSize                   = 5836300                                {pd product} {ergonomic}
    uintx NonProfiledCodeHeapSize                  = 122910970                              {pd product} {ergonomic}
    uintx ProfiledCodeHeapSize                     = 122910970                              {pd product} {ergonomic}
    uintx ReservedCodeCacheSize                    = 251658240                              {pd product} {ergonomic}
     bool SegmentedCodeCache                       = true                                      {product} {ergonomic}
     bool UseCompressedClassPointers               = true                                 {lp64_product} {ergonomic}
     bool UseCompressedOops                        = true                                 {lp64_product} {ergonomic}
     bool UseG1GC                                  = true                                      {product} {ergonomic}
     bool UseLargePagesIndividualAllocation        = false                                  {pd product} {ergonomic}

Logging:
Log output configuration:
 #0: stdout all=warning uptime,level,tags
 #1: stderr all=off uptime,level,tags

Environment Variables:
PATH=C:\Windows\system32;C:\Windows;C:\Windows\System32\Wbem;C:\Windows\System32\WindowsPowerShell\v1.0\;C:\Windows\System32\OpenSSH\;C:\Program Files\Git\cmd;C:\Program Files\nodejs\;C:\Program Files (x86)\Microsoft VS Code\bin;C:\wamp64\bin\php\php8.0.13;C:\composer;C:\Users\Bagher\AppData\Local\Microsoft\WindowsApps;C:\Users\Bagher\AppData\Roaming\npm;C:\Users\Bagher\AppData\Roaming\Composer\vendor\bin;C:\Program Files\PhpStorm 2021.2.2\bin;
USERNAME=Bagher
OS=Windows_NT
PROCESSOR_IDENTIFIER=Intel64 Family 6 Model 94 Stepping 3, GenuineIntel



---------------  S Y S T E M  ---------------

OS: Windows 10 , 64 bit Build 19041 (10.0.19041.1566)
OS uptime: 2 days 19:34 hours

CPU:total 8 (initial active 8) (4 cores per cpu, 2 threads per core) family 6 model 94 stepping 3 microcode 0xcc, cmov, cx8, fxsr, mmx, sse, sse2, sse3, ssse3, sse4.1, sse4.2, popcnt, avx, avx2, aes, clmul, erms, rtm, 3dnowpref, lzcnt, ht, tsc, tscinvbit, bmi1, bmi2, adx, fma

Memory: 4k page, system-wide physical 16348M (8711M free)
TotalPageFile size 32732M (AvailPageFile size 2784M)
current process WorkingSet (physical memory assigned to process): 10M, peak: 10M
current process commit charge ("private bytes"): 60M, peak: 8252M

vm_info: OpenJDK 64-Bit Server VM (11.0.12+7-b1504.28) for windows-amd64 JRE (11.0.12+7-b1504.28), built on Sep  3 2021 08:39:15 by "" with MS VC++ 14.0 (VS2015)

END.
